==202749== Memcheck, a memory error detector
==202749== Copyright (C) 2002-2017, and GNU GPL'd, by Julian Seward et al.
==202749== Using Valgrind-3.18.1 and LibVEX; rerun with -h for copyright info
==202749== Command: ./main.out tests/test0.in
==202749== Parent PID: 11809
==202749== 
==202749== 
==202749== Process terminating with default action of signal 2 (SIGINT)
==202749==    at 0x4BC07E2: read (read.c:26)
==202749==    by 0x4B38C35: _IO_file_underflow@@GLIBC_2.2.5 (fileops.c:516)
==202749==    by 0x4B39D95: _IO_default_uflow (genops.c:362)
==202749==    by 0x49728C0: __gnu_cxx::stdio_sync_filebuf<char, std::char_traits<char> >::underflow() (in /usr/lib/x86_64-linux-gnu/libstdc++.so.6.0.30)
==202749==    by 0x49809D5: std::istream::sentry::sentry(std::istream&, bool) (in /usr/lib/x86_64-linux-gnu/libstdc++.so.6.0.30)
==202749==    by 0x4928166: std::basic_istream<char, std::char_traits<char> >& std::operator>><char, std::char_traits<char>, std::allocator<char> >(std::basic_istream<char, std::char_traits<char> >&, std::__cxx11::basic_string<char, std::char_traits<char>, std::allocator<char> >&) (in /usr/lib/x86_64-linux-gnu/libstdc++.so.6.0.30)
==202749==    by 0x10A993: main (main25a1.cpp:30)
==202749== 
==202749== HEAP SUMMARY:
==202749==     in use at exit: 73,776 bytes in 3 blocks
==202749==   total heap usage: 3 allocs, 0 frees, 73,776 bytes allocated
==202749== 
==202749== LEAK SUMMARY:
==202749==    definitely lost: 0 bytes in 0 blocks
==202749==    indirectly lost: 0 bytes in 0 blocks
==202749==      possibly lost: 0 bytes in 0 blocks
==202749==    still reachable: 73,776 bytes in 3 blocks
==202749==         suppressed: 0 bytes in 0 blocks
==202749== Reachable blocks (those to which a pointer was found) are not shown.
==202749== To see them, rerun with: --leak-check=full --show-leak-kinds=all
==202749== 
==202749== For lists of detected and suppressed errors, rerun with: -s
==202749== ERROR SUMMARY: 0 errors from 0 contexts (suppressed: 0 from 0)
